Using pre-set license
Built from '2023.1/staging' branch; Version is '2023.1.3f1 (e00e24c187a5) revision 14683684'; Using compiler version '192829333'; Build Type 'Release'
OS: 'Windows 10  (10.0.19045) 64bit Education' Language: 'en' Physical Memory: 8117 MB
BatchMode: 1, IsHumanControllingUs: 0, StartBugReporterOnCrash: 0, Is64bit: 1, IsPro: 1

COMMAND LINE ARGUMENTS:
C:\Program Files\Unity\Hub\Editor\2023.1.3f1\Editor\Unity.exe
-adb2
-batchMode
-noUpm
-name
AssetImportWorker2
-projectPath
C:/Users/548887/My project
-logFile
Logs/AssetImportWorker2.log
-srvPort
63556
Successfully changed project path to: C:/Users/548887/My project
C:/Users/548887/My project
[UnityMemory] Configuration Parameters - Can be set up in boot.config
    "memorysetup-bucket-allocator-granularity=16"
    "memorysetup-bucket-allocator-bucket-count=8"
    "memorysetup-bucket-allocator-block-size=33554432"
    "memorysetup-bucket-allocator-block-count=8"
    "memorysetup-main-allocator-block-size=16777216"
    "memorysetup-thread-allocator-block-size=16777216"
    "memorysetup-gfx-main-allocator-block-size=16777216"
    "memorysetup-gfx-thread-allocator-block-size=16777216"
    "memorysetup-cache-allocator-block-size=4194304"
    "memorysetup-typetree-allocator-block-size=2097152"
    "memorysetup-profiler-bucket-allocator-granularity=16"
    "memorysetup-profiler-bucket-allocator-bucket-count=8"
    "memorysetup-profiler-bucket-allocator-block-size=33554432"
    "memorysetup-profiler-bucket-allocator-block-count=8"
    "memorysetup-profiler-allocator-block-size=16777216"
    "memorysetup-profiler-editor-allocator-block-size=1048576"
    "memorysetup-temp-allocator-size-main=16777216"
    "memorysetup-job-temp-allocator-block-size=2097152"
    "memorysetup-job-temp-allocator-block-size-background=1048576"
    "memorysetup-job-temp-allocator-reduction-small-platforms=262144"
    "memorysetup-allocator-temp-initial-block-size-main=262144"
    "memorysetup-allocator-temp-initial-block-size-worker=262144"
    "memorysetup-temp-allocator-size-background-worker=32768"
    "memorysetup-temp-allocator-size-job-worker=262144"
    "memorysetup-temp-allocator-size-preload-manager=33554432"
    "memorysetup-temp-allocator-size-nav-mesh-worker=65536"
    "memorysetup-temp-allocator-size-audio-worker=65536"
    "memorysetup-temp-allocator-size-cloud-worker=32768"
    "memorysetup-temp-allocator-size-gi-baking-worker=262144"
    "memorysetup-temp-allocator-size-gfx=262144"
Player connection [14276] Host "[IP] 172.27.172.122 [Port] 0 [Flags] 2 [Guid] 597018073 [EditorId] 597018073 [Version] 1048832 [Id] WindowsEditor(7,L-CB346-21252) [Debug] 1 [PackageName] WindowsEditor [ProjectName] Editor" joined multi-casting on [225.0.0.222:54997]...

Player connection [14276] Host "[IP] 172.27.172.122 [Port] 0 [Flags] 2 [Guid] 597018073 [EditorId] 597018073 [Version] 1048832 [Id] WindowsEditor(7,L-CB346-21252) [Debug] 1 [PackageName] WindowsEditor [ProjectName] Editor" joined alternative multi-casting on [225.0.0.222:34997]...

Library Redirect Path: Library/Refreshing native plugins compatible for Editor in 12.96 ms, found 4 plugins.
Preloading 0 native plugins for Editor in 0.00 ms.
Initialize engine version: 2023.1.3f1 (e00e24c187a5)
[Subsystems] Discovering subsystems at path C:/Program Files/Unity/Hub/Editor/2023.1.3f1/Editor/Data/Resources/UnitySubsystems
[Subsystems] Discovering subsystems at path C:/Users/548887/My project/Assets
GfxDevice: creating device client; threaded=0; jobified=0
Direct3D:
    Version:  Direct3D 11.0 [level 11.1]
    Renderer: NVIDIA GeForce GTX 1650 (ID=0x2188)
    Vendor:   NVIDIA
    VRAM:     3949 MB
    Driver:   31.0.15.3623
Initialize mono
Mono path[0] = 'C:/Program Files/Unity/Hub/Editor/2023.1.3f1/Editor/Data/Managed'
Mono path[1] = 'C:/Program Files/Unity/Hub/Editor/2023.1.3f1/Editor/Data/MonoBleedingEdge/lib/mono/unityjit-win32'
Mono config path = 'C:/Program Files/Unity/Hub/Editor/2023.1.3f1/Editor/Data/MonoBleedingEdge/etc'
Using monoOptions --debugger-agent=transport=dt_socket,embedding=1,server=y,suspend=n,address=127.0.0.1:56024
Begin MonoManager ReloadAssembly
C:\build\output\Unity-Technologies\mono\mono\metadata\icall.c:1842:
C:\build\output\Unity-Technologies\mono\mono\metadata\icall.c:1842:
C:\build\output\Unity-Technologies\mono\mono\metadata\icall.c:1842:
C:\build\output\Unity-Technologies\mono\mono\metadata\icall.c:1842:
C:\build\output\Unity-Technologies\mono\mono\metadata\icall.c:1842:
C:\build\output\Unity-Technologies\mono\mono\metadata\icall.c:1842:
C:\build\output\Unity-Technologies\mono\mono\metadata\icall.c:1842:
C:\build\output\Unity-Technologies\mono\mono\metadata\icall.c:1842:
C:\build\output\Unity-Technologies\mono\mono\metadata\icall.c:1842:
C:\build\output\Unity-Technologies\mono\mono\metadata\icall.c:1842:
Registering precompiled unity dll's ...
Register platform support module: C:/Program Files/Unity/Hub/Editor/2023.1.3f1/Editor/Data/PlaybackEngines/WebGLSupport/UnityEditor.WebGL.Extensions.dll
Register platform support module: C:/Program Files/Unity/Hub/Editor/2023.1.3f1/Editor/Data/PlaybackEngines/MacStandaloneSupport/UnityEditor.OSXStandalone.Extensions.dll
Register platform support module: C:/Program Files/Unity/Hub/Editor/2023.1.3f1/Editor/Data/PlaybackEngines/WindowsStandaloneSupport/UnityEditor.WindowsStandalone.Extensions.dll
Register platform support module: C:/Program Files/Unity/Hub/Editor/2023.1.3f1/Editor/Data/PlaybackEngines/MetroSupport/UnityEditor.UWP.Extensions.dll
Register platform support module: C:/Program Files/Unity/Hub/Editor/2023.1.3f1/Editor/Data/PlaybackEngines/AndroidPlayer/UnityEditor.Android.Extensions.dll
Register platform support module: C:/Program Files/Unity/Hub/Editor/2023.1.3f1/Editor/Data/PlaybackEngines/iOSSupport/UnityEditor.iOS.Extensions.dll
Register platform support module: C:/Program Files/Unity/Hub/Editor/2023.1.3f1/Editor/Data/PlaybackEngines/AppleTVSupport/UnityEditor.AppleTV.Extensions.dll
Register platform support module: C:/Program Files/Unity/Hub/Editor/2023.1.3f1/Editor/Data/PlaybackEngines/LinuxStandaloneSupport/UnityEditor.LinuxStandalone.Extensions.dll
Registered in 0.525822 seconds.
- Loaded All Assemblies, in  7.826 seconds
Native extension for LinuxStandalone target not found
[usbmuxd] Start listen thread
[usbmuxd] Listen thread started
Native extension for AppleTV target not found
[usbmuxd] Start listen thread
[usbmuxd] Listen thread started
Native extension for iOS target not found
Native extension for Android target not found
Native extension for UWP target not found
Native extension for WindowsStandalone target not found
Native extension for OSXStandalone target not found
Native extension for WebGL target not found
Mono: successfully reloaded assembly
C:\build\output\Unity-Technologies\mono\mono\metadata\icall.c:1842:
C:\build\output\Unity-Technologies\mono\mono\metadata\icall.c:1842:
- Finished resetting the current domain, in  0.627 seconds
Domain Reload Profiling: 8448ms
	BeginReloadAssembly (5101ms)
		ExecutionOrderSort (0ms)
		DisableScriptedObjects (0ms)
		BackupInstance (0ms)
		ReleaseScriptingObjects (0ms)
		CreateAndSetChildDomain (1ms)
	RebuildCommonClasses (474ms)
	RebuildNativeTypeToScriptingClass (15ms)
	initialDomainReloadingComplete (586ms)
	LoadAllAssembliesAndSetupDomain (1647ms)
		LoadAssemblies (5111ms)
		RebuildTransferFunctionScriptingTraits (0ms)
		AnalyzeDomain (1626ms)
			TypeCache.Refresh (1623ms)
				TypeCache.ScanAssembly (1285ms)
			ScanForSourceGeneratedMonoScriptInfo (1ms)
			ResolveRequiredComponents (1ms)
	FinalizeReload (627ms)
		ReleaseScriptCaches (0ms)
		RebuildScriptCaches (0ms)
		SetupLoadedEditorAssemblies (582ms)
			LogAssemblyErrors (0ms)
			InitializePlatformSupportModulesInManaged (345ms)
			SetLoadedEditorAssemblies (4ms)
			BeforeProcessingInitializeOnLoad (8ms)
			ProcessInitializeOnLoadAttributes (148ms)
			ProcessInitializeOnLoadMethodAttributes (77ms)
			AfterProcessingInitializeOnLoad (0ms)
			EditorAssembliesLoaded (0ms)
		ExecutionOrderSort2 (0ms)
		AwakeInstancesAfterBackupRestoration (0ms)
========================================================================
Worker process is ready to serve import requests
Import Worker Mode flag is 0x00
Begin MonoManager ReloadAssembly
C:\build\output\Unity-Technologies\mono\mono\metadata\icall.c:1842:
C:\build\output\Unity-Technologies\mono\mono\metadata\icall.c:1842:
C:\build\output\Unity-Technologies\mono\mono\metadata\icall.c:1842:
C:\build\output\Unity-Technologies\mono\mono\metadata\icall.c:1842:
C:\build\output\Unity-Technologies\mono\mono\metadata\icall.c:1842:
C:\build\output\Unity-Technologies\mono\mono\metadata\icall.c:1842:
C:\build\output\Unity-Technologies\mono\mono\metadata\icall.c:1842:
C:\build\output\Unity-Technologies\mono\mono\metadata\icall.c:1842:
C:\build\output\Unity-Technologies\mono\mono\metadata\icall.c:1842:
C:\build\output\Unity-Technologies\mono\mono\metadata\icall.c:1842:
C:\build\output\Unity-Technologies\mono\mono\metadata\icall.c:1842:
C:\build\output\Unity-Technologies\mono\mono\metadata\icall.c:1842:
Symbol file LoadedFromMemory doesn't match image C:\Users\548887\My project\Library\PackageCache\com.unity.visualscripting@1.8.0\Editor\VisualScripting.Core\Dependencies\YamlDotNet\Unity.VisualScripting.YamlDotNet.dll
Symbol file LoadedFromMemory doesn't match image C:\Users\548887\My project\Library\PackageCache\com.unity.visualscripting@1.8.0\Editor\VisualScripting.Core\Dependencies\DotNetZip\Unity.VisualScripting.IonicZip.dll
- Loaded All Assemblies, in  8.111 seconds
Refreshing native plugins compatible for Editor in 20.03 ms, found 4 plugins.
Native extension for LinuxStandalone target not found
Native extension for AppleTV target not found
Native extension for iOS target not found
Native extension for Android target not found
Native extension for UWP target not found
Native extension for WindowsStandalone target not found
Native extension for OSXStandalone target not found
Native extension for WebGL target not found
Mono: successfully reloaded assembly
- Finished resetting the current domain, in  1.250 seconds
Domain Reload Profiling: 9352ms
	BeginReloadAssembly (375ms)
		ExecutionOrderSort (0ms)
		DisableScriptedObjects (6ms)
		BackupInstance (0ms)
		ReleaseScriptingObjects (0ms)
		CreateAndSetChildDomain (44ms)
	RebuildCommonClasses (46ms)
	RebuildNativeTypeToScriptingClass (13ms)
	initialDomainReloadingComplete (49ms)
	LoadAllAssembliesAndSetupDomain (7618ms)
		LoadAssemblies (6742ms)
		RebuildTransferFunctionScriptingTraits (0ms)
		AnalyzeDomain (972ms)
			TypeCache.Refresh (933ms)
				TypeCache.ScanAssembly (751ms)
			ScanForSourceGeneratedMonoScriptInfo (31ms)
			ResolveRequiredComponents (7ms)
	FinalizeReload (1251ms)
		ReleaseScriptCaches (0ms)
		RebuildScriptCaches (0ms)
		SetupLoadedEditorAssemblies (844ms)
			LogAssemblyErrors (0ms)
			InitializePlatformSupportModulesInManaged (59ms)
			SetLoadedEditorAssemblies (6ms)
			BeforeProcessingInitializeOnLoad (169ms)
			ProcessInitializeOnLoadAttributes (560ms)
			ProcessInitializeOnLoadMethodAttributes (41ms)
			AfterProcessingInitializeOnLoad (8ms)
			EditorAssembliesLoaded (1ms)
		ExecutionOrderSort2 (1ms)
		AwakeInstancesAfterBackupRestoration (26ms)
Launched and connected shader compiler UnityShaderCompiler.exe after 0.03 seconds
Refreshing native plugins compatible for Editor in 7.38 ms, found 4 plugins.
Preloading 0 native plugins for Editor in 0.00 ms.
Unloading 4258 Unused Serialized files (Serialized files now loaded: 0)
Unloading 82 unused Assets / (275.1 KB). Loaded Objects now: 4813.
Memory consumption went from 152.7 MB to 152.5 MB.
Total: 12.016000 ms (FindLiveObjects: 1.971900 ms CreateObjectMapping: 0.271100 ms MarkObjects: 7.096500 ms  DeleteObjects: 2.672100 ms)

AssetImportParameters requested are different than current active one (requested -> active):
  custom:BP/SpriteDependencyVersion/29e21165cb3ae334d969d4be634eaa9e/1744004749: 66360f1a379c9491012e8ea786af8bda -> 
  custom:BP/SpriteDependencyVersion/29e21165cb3ae334d969d4be634eaa9e/1017687062: 66360f1a379c9491012e8ea786af8bda -> 
  custom:BP/SpriteDependencyVersion/29e21165cb3ae334d969d4be634eaa9e/-1708713345: 66360f1a379c9491012e8ea786af8bda -> 
  custom:BP/SpriteDependencyVersion/29e21165cb3ae334d969d4be634eaa9e/791998549: 66360f1a379c9491012e8ea786af8bda -> 
  custom:BP/SpriteDependencyVersion/29e21165cb3ae334d969d4be634eaa9e/-1266435916: 66360f1a379c9491012e8ea786af8bda -> 
  custom:BP/SpriteDependencyVersion/29e21165cb3ae334d969d4be634eaa9e/1110253422: 66360f1a379c9491012e8ea786af8bda -> 
  custom:video-decoder-webm-vp8: 9c59270c3fd7afecdb556c50c9e8de78 -> 
  custom:BP/SpriteDependencyVersion/29e21165cb3ae334d969d4be634eaa9e/18590610: 66360f1a379c9491012e8ea786af8bda -> 
  custom:audio-encoder-webm-vorbis: bf7c407c2cedff20999df2af8eb42d56 -> 
  custom:BP/SpriteDependencyVersion/29e21165cb3ae334d969d4be634eaa9e/-505543965: 66360f1a379c9491012e8ea786af8bda -> 
  custom:BP/SpriteDependencyVersion/29e21165cb3ae334d969d4be634eaa9e/-1092850191: 66360f1a379c9491012e8ea786af8bda -> 
  custom:BP/SpriteDependencyVersion/29e21165cb3ae334d969d4be634eaa9e/-75292869: 66360f1a379c9491012e8ea786af8bda -> 
  custom:BP/SpriteDependencyVersion/29e21165cb3ae334d969d4be634eaa9e/-1661086882: 66360f1a379c9491012e8ea786af8bda -> 
  custom:BP/SpriteDependencyVersion/29e21165cb3ae334d969d4be634eaa9e/2006169357: 66360f1a379c9491012e8ea786af8bda -> 
  custom:BP/SpriteDependencyVersion/29e21165cb3ae334d969d4be634eaa9e/-200938369: 66360f1a379c9491012e8ea786af8bda -> 
  custom:BP/SpriteDependencyVersion/29e21165cb3ae334d969d4be634eaa9e/-1761290167: 66360f1a379c9491012e8ea786af8bda -> 
  custom:BP/SpriteDependencyVersion/29e21165cb3ae334d969d4be634eaa9e/98221129: 66360f1a379c9491012e8ea786af8bda -> 
  custom:BP/SpriteDependencyVersion/29e21165cb3ae334d969d4be634eaa9e/-538989823: 66360f1a379c9491012e8ea786af8bda -> 
  custom:BP/SpriteDependencyVersion/29e21165cb3ae334d969d4be634eaa9e/-218241616: 66360f1a379c9491012e8ea786af8bda -> 
  custom:BP/SpriteDependencyVersion/29e21165cb3ae334d969d4be634eaa9e/-1717655306: 66360f1a379c9491012e8ea786af8bda -> 
  custom:BP/SpriteDependencyVersion/29e21165cb3ae334d969d4be634eaa9e/587555087: 66360f1a379c9491012e8ea786af8bda -> 
  custom:BP/SpriteDependencyVersion/29e21165cb3ae334d969d4be634eaa9e/-1606505783: 66360f1a379c9491012e8ea786af8bda -> 
  custom:BP/SpriteDependencyVersion/29e21165cb3ae334d969d4be634eaa9e/-1218938483: 66360f1a379c9491012e8ea786af8bda -> 
  custom:BP/SpriteDependencyVersion/29e21165cb3ae334d969d4be634eaa9e/-1595589357: 66360f1a379c9491012e8ea786af8bda -> 
  custom:BP/SpriteDependencyVersion/29e21165cb3ae334d969d4be634eaa9e/726137656: 66360f1a379c9491012e8ea786af8bda -> 
  custom:BP/SpriteDependencyVersion/29e21165cb3ae334d969d4be634eaa9e/-483385287: 66360f1a379c9491012e8ea786af8bda -> 
  custom:AudioImporter_EditorPlatform: d09bf68614088b80899f8185d706f6e7 -> 
  custom:BP/SpriteDependencyVersion/29e21165cb3ae334d969d4be634eaa9e/1489598022: 66360f1a379c9491012e8ea786af8bda -> 
  custom:BP/SpriteDependencyVersion/29e21165cb3ae334d969d4be634eaa9e/412882671: 66360f1a379c9491012e8ea786af8bda -> 
  custom:audio-decoder-ogg-vorbis: bf7c407c2cedff20999df2af8eb42d56 -> 
  custom:BP/SpriteDependencyVersion/29e21165cb3ae334d969d4be634eaa9e/-1704233887: 66360f1a379c9491012e8ea786af8bda -> 
  custom:BP/SpriteDependencyVersion/29e21165cb3ae334d969d4be634eaa9e/-819784374: 66360f1a379c9491012e8ea786af8bda -> 
  custom:BP/SpriteDependencyVersion/29e21165cb3ae334d969d4be634eaa9e/301824962: 66360f1a379c9491012e8ea786af8bda -> 
  custom:BP/SpriteDependencyVersion/29e21165cb3ae334d969d4be634eaa9e/1346599885: 66360f1a379c9491012e8ea786af8bda -> 
  custom:BP/SpriteDependencyVersion/29e21165cb3ae334d969d4be634eaa9e/-507992325: 66360f1a379c9491012e8ea786af8bda -> 
  custom:BP/SpriteDependencyVersion/29e21165cb3ae334d969d4be634eaa9e/1891353954: 66360f1a379c9491012e8ea786af8bda -> 
  custom:BP/SpriteDependencyVersion/29e21165cb3ae334d969d4be634eaa9e/921424544: 66360f1a379c9491012e8ea786af8bda -> 
  custom:BP/SpriteDependencyVersion/29e21165cb3ae334d969d4be634eaa9e/1084520013: 66360f1a379c9491012e8ea786af8bda -> 
  custom:BP/SpriteDependencyVersion/29e21165cb3ae334d969d4be634eaa9e/1987984787: 66360f1a379c9491012e8ea786af8bda -> 
  custom:BP/SpriteDependencyVersion/29e21165cb3ae334d969d4be634eaa9e/-929252596: 66360f1a379c9491012e8ea786af8bda -> 
  custom:BP/SpriteDependencyVersion/29e21165cb3ae334d969d4be634eaa9e/332144878: 66360f1a379c9491012e8ea786af8bda -> 
  custom:BP/SpriteDependencyVersion/29e21165cb3ae334d969d4be634eaa9e/2113060731: 66360f1a379c9491012e8ea786af8bda -> 
  custom:BP/SpriteDependencyVersion/29e21165cb3ae334d969d4be634eaa9e/-488355758: 66360f1a379c9491012e8ea786af8bda -> 
  custom:BP/SpriteDependencyVersion/29e21165cb3ae334d969d4be634eaa9e/-2080484811: 66360f1a379c9491012e8ea786af8bda -> 
  custom:BP/SpriteDependencyVersion/29e21165cb3ae334d969d4be634eaa9e/903927783: 66360f1a379c9491012e8ea786af8bda -> 
  custom:video-encoder-webm-vp8: eb34c28f22e8b96e1ab97ce403110664 -> 
  custom:BP/SpriteDependencyVersion/29e21165cb3ae334d969d4be634eaa9e/-1018248558: 66360f1a379c9491012e8ea786af8bda -> 
  custom:BP/SpriteDependencyVersion/29e21165cb3ae334d969d4be634eaa9e/-1787779610: 66360f1a379c9491012e8ea786af8bda -> 
  custom:container-demuxer-ogg: 62fdf1f143b41e24485cea50d1cbac27 -> 
  custom:BP/SpriteDependencyVersion/29e21165cb3ae334d969d4be634eaa9e/1234071245: 66360f1a379c9491012e8ea786af8bda -> 
  custom:framework-win-MediaFoundation: 216162199b28c13a410421893ffa2e32 -> 
  custom:BP/SpriteDependencyVersion/29e21165cb3ae334d969d4be634eaa9e/-652671992: 66360f1a379c9491012e8ea786af8bda -> 
  custom:BP/SpriteDependencyVersion/29e21165cb3ae334d969d4be634eaa9e/-1022879363: 66360f1a379c9491012e8ea786af8bda -> 
  custom:BP/SpriteDependencyVersion/29e21165cb3ae334d969d4be634eaa9e/-1624306119: 66360f1a379c9491012e8ea786af8bda -> 
  custom:BP/SpriteDependencyVersion/29e21165cb3ae334d969d4be634eaa9e/-429454371: 66360f1a379c9491012e8ea786af8bda -> 
  custom:BP/SpriteDependencyVersion/29e21165cb3ae334d969d4be634eaa9e/-134242670: 66360f1a379c9491012e8ea786af8bda -> 
  custom:BP/SpriteDependencyVersion/29e21165cb3ae334d969d4be634eaa9e/1289540601: 66360f1a379c9491012e8ea786af8bda -> 
  custom:BP/SpriteDependencyVersion/29e21165cb3ae334d969d4be634eaa9e/-1623626244: 66360f1a379c9491012e8ea786af8bda -> 
  custom:BP/SpriteDependencyVersion/29e21165cb3ae334d969d4be634eaa9e/-371536616: 66360f1a379c9491012e8ea786af8bda -> 
  custom:BP/SpriteDependencyVersion/29e21165cb3ae334d969d4be634eaa9e/-1566297652: 66360f1a379c9491012e8ea786af8bda -> 
  custom:BP/SpriteDependencyVersion/29e21165cb3ae334d969d4be634eaa9e/75891084: 66360f1a379c9491012e8ea786af8bda -> 
  custom:BP/SpriteDependencyVersion/29e21165cb3ae334d969d4be634eaa9e/1487765377: 66360f1a379c9491012e8ea786af8bda -> 
  custom:BP/SpriteDependencyVersion/29e21165cb3ae334d969d4be634eaa9e/-1030166557: 66360f1a379c9491012e8ea786af8bda -> 
  custom:BP/SpriteDependencyVersion/29e21165cb3ae334d969d4be634eaa9e/1885032533: 66360f1a379c9491012e8ea786af8bda -> 
  custom:video-decoder-ogg-theora: a1e56fd34408186e4bbccfd4996cb3dc -> 
  custom:BP/SpriteDependencyVersion/29e21165cb3ae334d969d4be634eaa9e/-1049089862: 66360f1a379c9491012e8ea786af8bda -> 
  custom:BP/SpriteDependencyVersion/29e21165cb3ae334d969d4be634eaa9e/1799187589: 66360f1a379c9491012e8ea786af8bda -> 
  custom:BP/SpriteDependencyVersion/29e21165cb3ae334d969d4be634eaa9e/-1683142674: 66360f1a379c9491012e8ea786af8bda -> 
  custom:BP/SpriteDependencyVersion/29e21165cb3ae334d969d4be634eaa9e/1534534280: 66360f1a379c9491012e8ea786af8bda -> 
  custom:BP/SpriteDependencyVersion/29e21165cb3ae334d969d4be634eaa9e/21665795: 66360f1a379c9491012e8ea786af8bda -> 
  custom:BP/SpriteDependencyVersion/29e21165cb3ae334d969d4be634eaa9e/-1649204338: 66360f1a379c9491012e8ea786af8bda -> 
  custom:BP/SpriteDependencyVersion/29e21165cb3ae334d969d4be634eaa9e/2062428198: 66360f1a379c9491012e8ea786af8bda -> 
  custom:BP/SpriteDependencyVersion/29e21165cb3ae334d969d4be634eaa9e/-1085265454: 66360f1a379c9491012e8ea786af8bda -> 
  custom:BP/SpriteDependencyVersion/29e21165cb3ae334d969d4be634eaa9e/-503795376: 66360f1a379c9491012e8ea786af8bda -> 
  custom:container-muxer-webm: aa71ff27fc2769a1b78a27578f13a17b -> 
  custom:BP/SpriteDependencyVersion/29e21165cb3ae334d969d4be634eaa9e/-532126337: 66360f1a379c9491012e8ea786af8bda -> 
  custom:BP/SpriteDependencyVersion/29e21165cb3ae334d969d4be634eaa9e/-660070601: 66360f1a379c9491012e8ea786af8bda -> 
  custom:BP/SpriteDependencyVersion/29e21165cb3ae334d969d4be634eaa9e/-1940139802: 66360f1a379c9491012e8ea786af8bda -> 
  custom:BP/SpriteDependencyVersion/29e21165cb3ae334d969d4be634eaa9e/1251558090: 66360f1a379c9491012e8ea786af8bda -> 
  custom:BP/SpriteDependencyVersion/29e21165cb3ae334d969d4be634eaa9e/1245502822: 66360f1a379c9491012e8ea786af8bda -> 
  custom:BP/SpriteDependencyVersion/29e21165cb3ae334d969d4be634eaa9e/-347270656: 66360f1a379c9491012e8ea786af8bda -> 
  custom:BP/SpriteDependencyVersion/29e21165cb3ae334d969d4be634eaa9e/-1653456321: 66360f1a379c9491012e8ea786af8bda -> 
  custom:BP/SpriteDependencyVersion/29e21165cb3ae334d969d4be634eaa9e/-700092981: 66360f1a379c9491012e8ea786af8bda -> 
  custom:CustomObjectIndexerAttribute: 756ad292c208cfabdd7b50bc23989ffe -> 
  custom:container-demuxer-webm: 4f35f7cbe854078d1ac9338744f61a02 -> 
  custom:BP/SpriteDependencyVersion/29e21165cb3ae334d969d4be634eaa9e/821046615: 66360f1a379c9491012e8ea786af8bda -> 
  custom:BP/SpriteDependencyVersion/29e21165cb3ae334d969d4be634eaa9e/540887178: 66360f1a379c9491012e8ea786af8bda -> 
  custom:BP/SpriteDependencyVersion/29e21165cb3ae334d969d4be634eaa9e/-80882628: 66360f1a379c9491012e8ea786af8bda -> 
  custom:BP/SpriteDependencyVersion/29e21165cb3ae334d969d4be634eaa9e/1627106897: 66360f1a379c9491012e8ea786af8bda -> 
  custom:BP/SpriteDependencyVersion/29e21165cb3ae334d969d4be634eaa9e/1897055379: 66360f1a379c9491012e8ea786af8bda -> 
  custom:BP/SpriteDependencyVersion/29e21165cb3ae334d969d4be634eaa9e/-2035219871: 66360f1a379c9491012e8ea786af8bda -> 
  custom:BP/SpriteDependencyVersion/29e21165cb3ae334d969d4be634eaa9e/16514145: 66360f1a379c9491012e8ea786af8bda -> 
  custom:BP/SpriteDependencyVersion/29e21165cb3ae334d969d4be634eaa9e/247350671: 66360f1a379c9491012e8ea786af8bda -> 
  custom:BP/SpriteDependencyVersion/29e21165cb3ae334d969d4be634eaa9e/2099476356: 66360f1a379c9491012e8ea786af8bda -> 
  custom:BP/SpriteDependencyVersion/29e21165cb3ae334d969d4be634eaa9e/2116547368: 66360f1a379c9491012e8ea786af8bda -> 
  custom:BP/SpriteDependencyVersion/29e21165cb3ae334d969d4be634eaa9e/-2122262137: 66360f1a379c9491012e8ea786af8bda -> 
  custom:BP/SpriteDependencyVersion/29e21165cb3ae334d969d4be634eaa9e/-1881253669: 66360f1a379c9491012e8ea786af8bda -> 
  custom:BP/SpriteDependencyVersion/29e21165cb3ae334d969d4be634eaa9e/333019106: 66360f1a379c9491012e8ea786af8bda -> 
========================================================================
Received Import Request.
  Time since last request: 1548431.958971 seconds.
  path: Assets/2D Pixel Art Platformer Biome - American Forest/Tilemap/TileGround7.asset
  artifactKey: Guid(7a893bf30e8b23047a78c094f422fec4) Importer(815301076,1909f56bfc062723c751e8b465ee728b)
Start importing Assets/2D Pixel Art Platformer Biome - American Forest/Tilemap/TileGround7.asset using Guid(7a893bf30e8b23047a78c094f422fec4) Importer(815301076,1909f56bfc062723c751e8b465ee728b)  -> (artifact id: 'c2b6883f8b06e01d8c30cdd477e6c880') in 0.102808 seconds
Number of updated asset objects reloaded before import = 0
Number of asset objects unloaded after import = 3
========================================================================
Received Import Request.
  Time since last request: 0.000543 seconds.
  path: Assets/2D Pixel Art Platformer Biome - American Forest/Tilemap/TileBackGround12.asset
  artifactKey: Guid(e358b3304d2419346b2b61a5a4e586c3) Importer(815301076,1909f56bfc062723c751e8b465ee728b)
Start importing Assets/2D Pixel Art Platformer Biome - American Forest/Tilemap/TileBackGround12.asset using Guid(e358b3304d2419346b2b61a5a4e586c3) Importer(815301076,1909f56bfc062723c751e8b465ee728b)  -> (artifact id: '8ecf508d28f80eb746de39d48c19c1ad') in 0.021565 seconds
Number of updated asset objects reloaded before import = 0
Number of asset objects unloaded after import = 3
========================================================================
Received Import Request.
  Time since last request: 0.000022 seconds.
  path: Assets/2D Pixel Art Platformer Biome - American Forest/Tilemap/TileBackGround11.asset
  artifactKey: Guid(1c9ad49b888afc644b0b0ac673048e61) Importer(815301076,1909f56bfc062723c751e8b465ee728b)
Start importing Assets/2D Pixel Art Platformer Biome - American Forest/Tilemap/TileBackGround11.asset using Guid(1c9ad49b888afc644b0b0ac673048e61) Importer(815301076,1909f56bfc062723c751e8b465ee728b)  -> (artifact id: 'aa01d37904cdedb6b3b2758313a1f72d') in 0.018204 seconds
Number of updated asset objects reloaded before import = 0
Number of asset objects unloaded after import = 3
========================================================================
Received Import Request.
  Time since last request: 0.000019 seconds.
  path: Assets/2D Pixel Art Platformer Biome - American Forest/Tilemap/TileGround22.asset
  artifactKey: Guid(c9f4a96883da31347af7b87afb7b1cc0) Importer(815301076,1909f56bfc062723c751e8b465ee728b)
Start importing Assets/2D Pixel Art Platformer Biome - American Forest/Tilemap/TileGround22.asset using Guid(c9f4a96883da31347af7b87afb7b1cc0) Importer(815301076,1909f56bfc062723c751e8b465ee728b)  -> (artifact id: '86e19c2a219b3ee5f7936f5157b4596e') in 0.021777 seconds
Number of updated asset objects reloaded before import = 0
Number of asset objects unloaded after import = 3
========================================================================
Received Import Request.
  Time since last request: 0.000029 seconds.
  path: Assets/2D Pixel Art Platformer Biome - American Forest/Tilemap/TileGround5.asset
  artifactKey: Guid(705478cd9da320047896e2831699e2a4) Importer(815301076,1909f56bfc062723c751e8b465ee728b)
Start importing Assets/2D Pixel Art Platformer Biome - American Forest/Tilemap/TileGround5.asset using Guid(705478cd9da320047896e2831699e2a4) Importer(815301076,1909f56bfc062723c751e8b465ee728b)  -> (artifact id: 'bb711d2fb396f8899a8f83ba992f4b4a') in 0.023319 seconds
Number of updated asset objects reloaded before import = 0
Number of asset objects unloaded after import = 3
========================================================================
Received Import Request.
  Time since last request: 0.000033 seconds.
  path: Assets/2D Pixel Art Platformer Biome - American Forest/Tilemap/TilePlant11.asset
  artifactKey: Guid(5acb89ffd6777f34faa2cb660b3b995c) Importer(815301076,1909f56bfc062723c751e8b465ee728b)
Start importing Assets/2D Pixel Art Platformer Biome - American Forest/Tilemap/TilePlant11.asset using Guid(5acb89ffd6777f34faa2cb660b3b995c) Importer(815301076,1909f56bfc062723c751e8b465ee728b)  -> (artifact id: 'd9639d599edc0826ec20273d98947450') in 0.030438 seconds
Number of updated asset objects reloaded before import = 0
Number of asset objects unloaded after import = 3
========================================================================
Received Import Request.
  Time since last request: 0.000151 seconds.
  path: Assets/plop.prefab
  artifactKey: Guid(b9a5597c9a4e9d140ae96048a0318951) Importer(815301076,1909f56bfc062723c751e8b465ee728b)
Start importing Assets/plop.prefab using Guid(b9a5597c9a4e9d140ae96048a0318951) Importer(815301076,1909f56bfc062723c751e8b465ee728b)  -> (artifact id: '51efc34c00a57d9a185a1ba5af6248f8') in 1.027944 seconds
Internal: There are remaining Allocations on the JobTempAlloc. This is a leak, and will impact performance
To Debug, run app with -diag-job-temp-memory-leak-validation cmd line argument. This will output the callstacks of the leaked allocations.
Number of updated asset objects reloaded before import = 0
Number of asset objects unloaded after import = 232
========================================================================
Received Import Request.
  Time since last request: 215.950426 seconds.
  path: Assets/2D Pixel Art Platformer Biome - American Forest/america.prefab
  artifactKey: Guid(408b85ee28d6dfc4b851b782c7e6b48e) Importer(815301076,1909f56bfc062723c751e8b465ee728b)
Start importing Assets/2D Pixel Art Platformer Biome - American Forest/america.prefab using Guid(408b85ee28d6dfc4b851b782c7e6b48e) Importer(815301076,1909f56bfc062723c751e8b465ee728b)  -> (artifact id: 'ba25746269f845d70aefb1cde2b58c7d') in 0.040616 seconds
Internal: There are remaining Allocations on the JobTempAlloc. This is a leak, and will impact performance
To Debug, run app with -diag-job-temp-memory-leak-validation cmd line argument. This will output the callstacks of the leaked allocations.
Number of updated asset objects reloaded before import = 0
Number of asset objects unloaded after import = 10
========================================================================
Received Import Request.
  Time since last request: 6.895344 seconds.
  path: Assets/2D Pixel Art Platformer Biome - American Forest/america.prefab
  artifactKey: Guid(408b85ee28d6dfc4b851b782c7e6b48e) Importer(815301076,1909f56bfc062723c751e8b465ee728b)
Start importing Assets/2D Pixel Art Platformer Biome - American Forest/america.prefab using Guid(408b85ee28d6dfc4b851b782c7e6b48e) Importer(815301076,1909f56bfc062723c751e8b465ee728b)  -> (artifact id: 'cb433d257bbc5177042c289cf1d3df52') in 0.252484 seconds
Internal: There are remaining Allocations on the JobTempAlloc. This is a leak, and will impact performance
To Debug, run app with -diag-job-temp-memory-leak-validation cmd line argument. This will output the callstacks of the leaked allocations.
Number of updated asset objects reloaded before import = 0
Number of asset objects unloaded after import = 189
========================================================================
Received Import Request.
  Time since last request: 0.000023 seconds.
  path: Assets/2D Pixel Art Platformer Biome - American Forest/Plant1.asset
  artifactKey: Guid(38b77cdae3e2b4543bcc9ff32cb268af) Importer(815301076,1909f56bfc062723c751e8b465ee728b)
Start importing Assets/2D Pixel Art Platformer Biome - American Forest/Plant1.asset using Guid(38b77cdae3e2b4543bcc9ff32cb268af) Importer(815301076,1909f56bfc062723c751e8b465ee728b)  -> (artifact id: '23716ceb88a42f1928acdf7f3ebd6f57') in 0.026260 seconds
Internal: There are remaining Allocations on the JobTempAlloc. This is a leak, and will impact performance
To Debug, run app with -diag-job-temp-memory-leak-validation cmd line argument. This will output the callstacks of the leaked allocations.
Number of updated asset objects reloaded before import = 0
Number of asset objects unloaded after import = 3
========================================================================
Received Import Request.
  Time since last request: 0.000037 seconds.
  path: Assets/2D Pixel Art Platformer Biome - American Forest/TileGround17.asset
  artifactKey: Guid(2028e73188a6603419454b42cdd77b7a) Importer(815301076,1909f56bfc062723c751e8b465ee728b)
Start importing Assets/2D Pixel Art Platformer Biome - American Forest/TileGround17.asset using Guid(2028e73188a6603419454b42cdd77b7a) Importer(815301076,1909f56bfc062723c751e8b465ee728b)  -> (artifact id: 'e93b1e660c91a0b4d21ac7a4c58d416c') in 0.022614 seconds
Internal: There are remaining Allocations on the JobTempAlloc. This is a leak, and will impact performance
To Debug, run app with -diag-job-temp-memory-leak-validation cmd line argument. This will output the callstacks of the leaked allocations.
Number of updated asset objects reloaded before import = 0
Number of asset objects unloaded after import = 3
========================================================================
Received Import Request.
  Time since last request: 0.000033 seconds.
  path: Assets/2D Pixel Art Platformer Biome - American Forest/TileGround22.asset
  artifactKey: Guid(20ce6e39f6cdfe14a8447f806630d5d2) Importer(815301076,1909f56bfc062723c751e8b465ee728b)
Start importing Assets/2D Pixel Art Platformer Biome - American Forest/TileGround22.asset using Guid(20ce6e39f6cdfe14a8447f806630d5d2) Importer(815301076,1909f56bfc062723c751e8b465ee728b)  -> (artifact id: '9f7d2bc9f1df1e7d6429506d33e8d307') in 0.018988 seconds
Internal: There are remaining Allocations on the JobTempAlloc. This is a leak, and will impact performance
To Debug, run app with -diag-job-temp-memory-leak-validation cmd line argument. This will output the callstacks of the leaked allocations.
Number of updated asset objects reloaded before import = 0
Number of asset objects unloaded after import = 3
========================================================================
Received Import Request.
  Time since last request: 0.000026 seconds.
  path: Assets/2D Pixel Art Platformer Biome - American Forest/TileGround29.asset
  artifactKey: Guid(272817b02d883ae49a91109bd6adfefd) Importer(815301076,1909f56bfc062723c751e8b465ee728b)
Start importing Assets/2D Pixel Art Platformer Biome - American Forest/TileGround29.asset using Guid(272817b02d883ae49a91109bd6adfefd) Importer(815301076,1909f56bfc062723c751e8b465ee728b)  -> (artifact id: '6d45c7dd29ace016957490815d62d5bc') in 0.090768 seconds
Internal: There are remaining Allocations on the JobTempAlloc. This is a leak, and will impact performance
To Debug, run app with -diag-job-temp-memory-leak-validation cmd line argument. This will output the callstacks of the leaked allocations.
Number of updated asset objects reloaded before import = 0
Number of asset objects unloaded after import = 3
========================================================================
Received Import Request.
  Time since last request: 0.000026 seconds.
  path: Assets/2D Pixel Art Platformer Biome - American Forest/Tree5.asset
  artifactKey: Guid(a3ac87fb033b16546aa324fd74252f58) Importer(815301076,1909f56bfc062723c751e8b465ee728b)
Start importing Assets/2D Pixel Art Platformer Biome - American Forest/Tree5.asset using Guid(a3ac87fb033b16546aa324fd74252f58) Importer(815301076,1909f56bfc062723c751e8b465ee728b)  -> (artifact id: '7cf13d0d66afb4db4a5a5a66403571a2') in 0.025280 seconds
Internal: There are remaining Allocations on the JobTempAlloc. This is a leak, and will impact performance
To Debug, run app with -diag-job-temp-memory-leak-validation cmd line argument. This will output the callstacks of the leaked allocations.
Number of updated asset objects reloaded before import = 0
Number of asset objects unloaded after import = 3
========================================================================
Received Import Request.
  Time since last request: 0.000021 seconds.
  path: Assets/2D Pixel Art Platformer Biome - American Forest/TileGround11.asset
  artifactKey: Guid(684647463626b844c9b586497394aa36) Importer(815301076,1909f56bfc062723c751e8b465ee728b)
Start importing Assets/2D Pixel Art Platformer Biome - American Forest/TileGround11.asset using Guid(684647463626b844c9b586497394aa36) Importer(815301076,1909f56bfc062723c751e8b465ee728b)  -> (artifact id: '5ce6bca2abbe9e45996c38becd4d9809') in 0.011354 seconds
Internal: There are remaining Allocations on the JobTempAlloc. This is a leak, and will impact performance
To Debug, run app with -diag-job-temp-memory-leak-validation cmd line argument. This will output the callstacks of the leaked allocations.
Number of updated asset objects reloaded before import = 0
Number of asset objects unloaded after import = 3
========================================================================
Received Import Request.
  Time since last request: 0.000043 seconds.
  path: Assets/2D Pixel Art Platformer Biome - American Forest/TileGround25.asset
  artifactKey: Guid(53db558bcb339094fbbdd0116280b004) Importer(815301076,1909f56bfc062723c751e8b465ee728b)
Start importing Assets/2D Pixel Art Platformer Biome - American Forest/TileGround25.asset using Guid(53db558bcb339094fbbdd0116280b004) Importer(815301076,1909f56bfc062723c751e8b465ee728b)  -> (artifact id: 'd88939fa37b44abbb00e0f0ac12eb72d') in 0.023111 seconds
Internal: There are remaining Allocations on the JobTempAlloc. This is a leak, and will impact performance
To Debug, run app with -diag-job-temp-memory-leak-validation cmd line argument. This will output the callstacks of the leaked allocations.
Number of updated asset objects reloaded before import = 0
Number of asset objects unloaded after import = 3
========================================================================
Received Import Request.
  Time since last request: 0.000017 seconds.
  path: Assets/2D Pixel Art Platformer Biome - American Forest/Stone2.asset
  artifactKey: Guid(ec95da46a8fe3c041b91ddbf80fe2ae0) Importer(815301076,1909f56bfc062723c751e8b465ee728b)
Start importing Assets/2D Pixel Art Platformer Biome - American Forest/Stone2.asset using Guid(ec95da46a8fe3c041b91ddbf80fe2ae0) Importer(815301076,1909f56bfc062723c751e8b465ee728b)  -> (artifact id: 'bb89dc593af22d5fe9ab42f10a07d02f') in 0.036572 seconds
Internal: There are remaining Allocations on the JobTempAlloc. This is a leak, and will impact performance
To Debug, run app with -diag-job-temp-memory-leak-validation cmd line argument. This will output the callstacks of the leaked allocations.
Number of updated asset objects reloaded before import = 0
Number of asset objects unloaded after import = 3
========================================================================
Received Import Request.
  Time since last request: 0.000029 seconds.
  path: Assets/2D Pixel Art Platformer Biome - American Forest/Plant4.asset
  artifactKey: Guid(a3b5597133fe66f44ba44a76c327ad46) Importer(815301076,1909f56bfc062723c751e8b465ee728b)
Start importing Assets/2D Pixel Art Platformer Biome - American Forest/Plant4.asset using Guid(a3b5597133fe66f44ba44a76c327ad46) Importer(815301076,1909f56bfc062723c751e8b465ee728b)  -> (artifact id: '7650111d3fe07bed3532bb43d2f29c8a') in 0.019939 seconds
Internal: There are remaining Allocations on the JobTempAlloc. This is a leak, and will impact performance
To Debug, run app with -diag-job-temp-memory-leak-validation cmd line argument. This will output the callstacks of the leaked allocations.
Number of updated asset objects reloaded before import = 0
Number of asset objects unloaded after import = 3
========================================================================
Received Import Request.
  Time since last request: 0.000036 seconds.
  path: Assets/2D Pixel Art Platformer Biome - American Forest/Stone6.asset
  artifactKey: Guid(0a8e35c732ebf8749b78d86844c9e78b) Importer(815301076,1909f56bfc062723c751e8b465ee728b)
Start importing Assets/2D Pixel Art Platformer Biome - American Forest/Stone6.asset using Guid(0a8e35c732ebf8749b78d86844c9e78b) Importer(815301076,1909f56bfc062723c751e8b465ee728b)  -> (artifact id: '7a2b2cb11049b2b035619fc40db0e9fd') in 0.018157 seconds
Internal: There are remaining Allocations on the JobTempAlloc. This is a leak, and will impact performance
To Debug, run app with -diag-job-temp-memory-leak-validation cmd line argument. This will output the callstacks of the leaked allocations.
Number of updated asset objects reloaded before import = 0
Number of asset objects unloaded after import = 3
========================================================================
Received Import Request.
  Time since last request: 0.000026 seconds.
  path: Assets/2D Pixel Art Platformer Biome - American Forest/TilePlant7.asset
  artifactKey: Guid(d2837acfa307ef54983f68ba50770e3a) Importer(815301076,1909f56bfc062723c751e8b465ee728b)
Start importing Assets/2D Pixel Art Platformer Biome - American Forest/TilePlant7.asset using Guid(d2837acfa307ef54983f68ba50770e3a) Importer(815301076,1909f56bfc062723c751e8b465ee728b)  -> (artifact id: '1986de60b7490a7be53655748459af29') in 0.022599 seconds
Internal: There are remaining Allocations on the JobTempAlloc. This is a leak, and will impact performance
To Debug, run app with -diag-job-temp-memory-leak-validation cmd line argument. This will output the callstacks of the leaked allocations.
Number of updated asset objects reloaded before import = 0
Number of asset objects unloaded after import = 3
========================================================================
Received Import Request.
  Time since last request: 0.000020 seconds.
  path: Assets/2D Pixel Art Platformer Biome - American Forest/TileFence1.asset
  artifactKey: Guid(d6142c8f0c904074999364bd72391e53) Importer(815301076,1909f56bfc062723c751e8b465ee728b)
Start importing Assets/2D Pixel Art Platformer Biome - American Forest/TileFence1.asset using Guid(d6142c8f0c904074999364bd72391e53) Importer(815301076,1909f56bfc062723c751e8b465ee728b)  -> (artifact id: '49a66787786c07640e783c0789203997') in 0.010096 seconds
Internal: There are remaining Allocations on the JobTempAlloc. This is a leak, and will impact performance
To Debug, run app with -diag-job-temp-memory-leak-validation cmd line argument. This will output the callstacks of the leaked allocations.
Number of updated asset objects reloaded before import = 0
Number of asset objects unloaded after import = 3
========================================================================
Received Import Request.
  Time since last request: 0.000015 seconds.
  path: Assets/2D Pixel Art Platformer Biome - American Forest/TileGround21.asset
  artifactKey: Guid(5090f04fd2559b14c8c72a16e7879cda) Importer(815301076,1909f56bfc062723c751e8b465ee728b)
Start importing Assets/2D Pixel Art Platformer Biome - American Forest/TileGround21.asset using Guid(5090f04fd2559b14c8c72a16e7879cda) Importer(815301076,1909f56bfc062723c751e8b465ee728b)  -> (artifact id: '309b3165c3804c1fbc5fd3310c8969e0') in 0.008439 seconds
Internal: There are remaining Allocations on the JobTempAlloc. This is a leak, and will impact performance
To Debug, run app with -diag-job-temp-memory-leak-validation cmd line argument. This will output the callstacks of the leaked allocations.
Number of updated asset objects reloaded before import = 0
Number of asset objects unloaded after import = 3
========================================================================
Received Import Request.
  Time since last request: 0.000027 seconds.
  path: Assets/2D Pixel Art Platformer Biome - American Forest/TileGround6.asset
  artifactKey: Guid(e74164e28b1aaba48b05044d053d43e4) Importer(815301076,1909f56bfc062723c751e8b465ee728b)
Start importing Assets/2D Pixel Art Platformer Biome - American Forest/TileGround6.asset using Guid(e74164e28b1aaba48b05044d053d43e4) Importer(815301076,1909f56bfc062723c751e8b465ee728b)  -> (artifact id: '6f137d7cc23e6ee8f4c589ff661c37bd') in 0.008544 seconds
Internal: There are remaining Allocations on the JobTempAlloc. This is a leak, and will impact performance
To Debug, run app with -diag-job-temp-memory-leak-validation cmd line argument. This will output the callstacks of the leaked allocations.
Number of updated asset objects reloaded before import = 0
Number of asset objects unloaded after import = 3
========================================================================
Received Import Request.
  Time since last request: 0.000017 seconds.
  path: Assets/2D Pixel Art Platformer Biome - American Forest/TileGround7.asset
  artifactKey: Guid(285ef4053c9d8384182841ae7ae95f3d) Importer(815301076,1909f56bfc062723c751e8b465ee728b)
Start importing Assets/2D Pixel Art Platformer Biome - American Forest/TileGround7.asset using Guid(285ef4053c9d8384182841ae7ae95f3d) Importer(815301076,1909f56bfc062723c751e8b465ee728b)  -> (artifact id: 'd0866b5ad802d773a73611497595edc5') in 0.008914 seconds
Internal: There are remaining Allocations on the JobTempAlloc. This is a leak, and will impact performance
To Debug, run app with -diag-job-temp-memory-leak-validation cmd line argument. This will output the callstacks of the leaked allocations.
Number of updated asset objects reloaded before import = 0
Number of asset objects unloaded after import = 3
========================================================================
Received Import Request.
  Time since last request: 0.000024 seconds.
  path: Assets/2D Pixel Art Platformer Biome - American Forest/TileBackGround7.asset
  artifactKey: Guid(c07bf0db763caf14eb2dd294c776a989) Importer(815301076,1909f56bfc062723c751e8b465ee728b)
Start importing Assets/2D Pixel Art Platformer Biome - American Forest/TileBackGround7.asset using Guid(c07bf0db763caf14eb2dd294c776a989) Importer(815301076,1909f56bfc062723c751e8b465ee728b)  -> (artifact id: 'c44a0f71d482d9599b178729043e216d') in 0.008888 seconds
Internal: There are remaining Allocations on the JobTempAlloc. This is a leak, and will impact performance
To Debug, run app with -diag-job-temp-memory-leak-validation cmd line argument. This will output the callstacks of the leaked allocations.
Number of updated asset objects reloaded before import = 0
Number of asset objects unloaded after import = 3
========================================================================
Received Import Request.
  Time since last request: 0.000016 seconds.
  path: Assets/2D Pixel Art Platformer Biome - American Forest/Background4.asset
  artifactKey: Guid(afdbf8eea7ae4834c8a7fd20e7b016f0) Importer(815301076,1909f56bfc062723c751e8b465ee728b)
Start importing Assets/2D Pixel Art Platformer Biome - American Forest/Background4.asset using Guid(afdbf8eea7ae4834c8a7fd20e7b016f0) Importer(815301076,1909f56bfc062723c751e8b465ee728b)  -> (artifact id: 'a1defd7b69d10f7a6e88f2c1193bffc1') in 0.022020 seconds
Internal: There are remaining Allocations on the JobTempAlloc. This is a leak, and will impact performance
To Debug, run app with -diag-job-temp-memory-leak-validation cmd line argument. This will output the callstacks of the leaked allocations.
Number of updated asset objects reloaded before import = 0
Number of asset objects unloaded after import = 3
========================================================================
Received Import Request.
  Time since last request: 0.000016 seconds.
  path: Assets/2D Pixel Art Platformer Biome - American Forest/TileGround8.asset
  artifactKey: Guid(1d5f2746883208e4b8c52a4ed3e12a61) Importer(815301076,1909f56bfc062723c751e8b465ee728b)
Start importing Assets/2D Pixel Art Platformer Biome - American Forest/TileGround8.asset using Guid(1d5f2746883208e4b8c52a4ed3e12a61) Importer(815301076,1909f56bfc062723c751e8b465ee728b)  -> (artifact id: '549310b282354830f77515a97815ac75') in 0.008575 seconds
Internal: There are remaining Allocations on the JobTempAlloc. This is a leak, and will impact performance
To Debug, run app with -diag-job-temp-memory-leak-validation cmd line argument. This will output the callstacks of the leaked allocations.
Number of updated asset objects reloaded before import = 0
Number of asset objects unloaded after import = 3
========================================================================
Received Import Request.
  Time since last request: 0.000014 seconds.
  path: Assets/2D Pixel Art Platformer Biome - American Forest/Tree3.asset
  artifactKey: Guid(950fda1cde04803439c89eba30d29c43) Importer(815301076,1909f56bfc062723c751e8b465ee728b)
Start importing Assets/2D Pixel Art Platformer Biome - American Forest/Tree3.asset using Guid(950fda1cde04803439c89eba30d29c43) Importer(815301076,1909f56bfc062723c751e8b465ee728b)  -> (artifact id: '2973269cb8820783cdf1bb777d26bb35') in 0.017987 seconds
Internal: There are remaining Allocations on the JobTempAlloc. This is a leak, and will impact performance
To Debug, run app with -diag-job-temp-memory-leak-validation cmd line argument. This will output the callstacks of the leaked allocations.
Number of updated asset objects reloaded before import = 0
Number of asset objects unloaded after import = 3
========================================================================
Received Import Request.
  Time since last request: 0.000017 seconds.
  path: Assets/2D Pixel Art Platformer Biome - American Forest/TileGround4.asset
  artifactKey: Guid(951bb1b2c30b7004d9b1fb0384a77c56) Importer(815301076,1909f56bfc062723c751e8b465ee728b)
Start importing Assets/2D Pixel Art Platformer Biome - American Forest/TileGround4.asset using Guid(951bb1b2c30b7004d9b1fb0384a77c56) Importer(815301076,1909f56bfc062723c751e8b465ee728b)  -> (artifact id: '11193a05b0f088f948d36d4ae071ef3f') in 0.008196 seconds
Internal: There are remaining Allocations on the JobTempAlloc. This is a leak, and will impact performance
To Debug, run app with -diag-job-temp-memory-leak-validation cmd line argument. This will output the callstacks of the leaked allocations.
Number of updated asset objects reloaded before import = 0
Number of asset objects unloaded after import = 3
========================================================================
Received Import Request.
  Time since last request: 0.000025 seconds.
  path: Assets/2D Pixel Art Platformer Biome - American Forest/TileFence4.asset
  artifactKey: Guid(80ee4bcd5ce1dcd49ae3430731b74573) Importer(815301076,1909f56bfc062723c751e8b465ee728b)
Start importing Assets/2D Pixel Art Platformer Biome - American Forest/TileFence4.asset using Guid(80ee4bcd5ce1dcd49ae3430731b74573) Importer(815301076,1909f56bfc062723c751e8b465ee728b)  -> (artifact id: '568214d5b8a781a208f4043daeaae9a2') in 0.009448 seconds
Internal: There are remaining Allocations on the JobTempAlloc. This is a leak, and will impact performance
To Debug, run app with -diag-job-temp-memory-leak-validation cmd line argument. This will output the callstacks of the leaked allocations.
Number of updated asset objects reloaded before import = 0
Number of asset objects unloaded after import = 3
========================================================================
Received Import Request.
  Time since last request: 0.000017 seconds.
  path: Assets/2D Pixel Art Platformer Biome - American Forest/Tree6.asset
  artifactKey: Guid(57046cccb5ebac74eb569299cdb953b7) Importer(815301076,1909f56bfc062723c751e8b465ee728b)
Start importing Assets/2D Pixel Art Platformer Biome - American Forest/Tree6.asset using Guid(57046cccb5ebac74eb569299cdb953b7) Importer(815301076,1909f56bfc062723c751e8b465ee728b)  -> (artifact id: 'be323ae81d01bd6118798045697362b1') in 0.021956 seconds
Internal: There are remaining Allocations on the JobTempAlloc. This is a leak, and will impact performance
To Debug, run app with -diag-job-temp-memory-leak-validation cmd line argument. This will output the callstacks of the leaked allocations.
Number of updated asset objects reloaded before import = 0
Number of asset objects unloaded after import = 3
========================================================================
Received Import Request.
  Time since last request: 0.000025 seconds.
  path: Assets/2D Pixel Art Platformer Biome - American Forest/TileBackGround2.asset
  artifactKey: Guid(c700e037e62105a48981db7ad4e0bff1) Importer(815301076,1909f56bfc062723c751e8b465ee728b)
Start importing Assets/2D Pixel Art Platformer Biome - American Forest/TileBackGround2.asset using Guid(c700e037e62105a48981db7ad4e0bff1) Importer(815301076,1909f56bfc062723c751e8b465ee728b)  -> (artifact id: 'cb6035a9ec662f1b72c6d43608f2dfc6') in 0.009330 seconds
Internal: There are remaining Allocations on the JobTempAlloc. This is a leak, and will impact performance
To Debug, run app with -diag-job-temp-memory-leak-validation cmd line argument. This will output the callstacks of the leaked allocations.
Number of updated asset objects reloaded before import = 0
Number of asset objects unloaded after import = 3
========================================================================
Received Import Request.
  Time since last request: 0.000027 seconds.
  path: Assets/2D Pixel Art Platformer Biome - American Forest/TileFence2.asset
  artifactKey: Guid(4f6b1c4fd1c66364c851c631ddc2a9b6) Importer(815301076,1909f56bfc062723c751e8b465ee728b)
Start importing Assets/2D Pixel Art Platformer Biome - American Forest/TileFence2.asset using Guid(4f6b1c4fd1c66364c851c631ddc2a9b6) Importer(815301076,1909f56bfc062723c751e8b465ee728b)  -> (artifact id: '331f6706c273cb0b109abebf8d44811d') in 0.008291 seconds
Internal: There are remaining Allocations on the JobTempAlloc. This is a leak, and will impact performance
To Debug, run app with -diag-job-temp-memory-leak-validation cmd line argument. This will output the callstacks of the leaked allocations.
Number of updated asset objects reloaded before import = 0
Number of asset objects unloaded after import = 3
========================================================================
Received Import Request.
  Time since last request: 0.000026 seconds.
  path: Assets/2D Pixel Art Platformer Biome - American Forest/TileGround27.asset
  artifactKey: Guid(d000bd612a134f54d8785727fb271c10) Importer(815301076,1909f56bfc062723c751e8b465ee728b)
Start importing Assets/2D Pixel Art Platformer Biome - American Forest/TileGround27.asset using Guid(d000bd612a134f54d8785727fb271c10) Importer(815301076,1909f56bfc062723c751e8b465ee728b)  -> (artifact id: 'c349b90f315987ad61a02599075185d8') in 0.009848 seconds
Internal: There are remaining Allocations on the JobTempAlloc. This is a leak, and will impact performance
To Debug, run app with -diag-job-temp-memory-leak-validation cmd line argument. This will output the callstacks of the leaked allocations.
Number of updated asset objects reloaded before import = 0
Number of asset objects unloaded after import = 3
========================================================================
Received Import Request.
  Time since last request: 0.000039 seconds.
  path: Assets/2D Pixel Art Platformer Biome - American Forest/TilePlant4.asset
  artifactKey: Guid(233834986bf101147a2c7b439dd9aab2) Importer(815301076,1909f56bfc062723c751e8b465ee728b)
Start importing Assets/2D Pixel Art Platformer Biome - American Forest/TilePlant4.asset using Guid(233834986bf101147a2c7b439dd9aab2) Importer(815301076,1909f56bfc062723c751e8b465ee728b)  -> (artifact id: '44c665ea50f3e6f6383d7b58cd3f6c0a') in 0.008205 seconds
Internal: There are remaining Allocations on the JobTempAlloc. This is a leak, and will impact performance
To Debug, run app with -diag-job-temp-memory-leak-validation cmd line argument. This will output the callstacks of the leaked allocations.
Number of updated asset objects reloaded before import = 0
Number of asset objects unloaded after import = 3
========================================================================
Received Import Request.
  Time since last request: 0.000018 seconds.
  path: Assets/2D Pixel Art Platformer Biome - American Forest/TileBackGround9.asset
  artifactKey: Guid(f0bebd637d26ad04891759ac195e73d4) Importer(815301076,1909f56bfc062723c751e8b465ee728b)
Start importing Assets/2D Pixel Art Platformer Biome - American Forest/TileBackGround9.asset using Guid(f0bebd637d26ad04891759ac195e73d4) Importer(815301076,1909f56bfc062723c751e8b465ee728b)  -> (artifact id: '7a4af12d2aab833603a8b79cb79e1e6f') in 0.009341 seconds
Internal: There are remaining Allocations on the JobTempAlloc. This is a leak, and will impact performance
To Debug, run app with -diag-job-temp-memory-leak-validation cmd line argument. This will output the callstacks of the leaked allocations.
Number of updated asset objects reloaded before import = 0
Number of asset objects unloaded after import = 3
========================================================================
Received Import Request.
  Time since last request: 0.000018 seconds.
  path: Assets/2D Pixel Art Platformer Biome - American Forest/TileBackGround5.asset
  artifactKey: Guid(42029786f7959414cb2725598b91a548) Importer(815301076,1909f56bfc062723c751e8b465ee728b)
Start importing Assets/2D Pixel Art Platformer Biome - American Forest/TileBackGround5.asset using Guid(42029786f7959414cb2725598b91a548) Importer(815301076,1909f56bfc062723c751e8b465ee728b)  -> (artifact id: 'be1f4c1666771fd648e3c98748217699') in 0.011287 seconds
Internal: There are remaining Allocations on the JobTempAlloc. This is a leak, and will impact performance
To Debug, run app with -diag-job-temp-memory-leak-validation cmd line argument. This will output the callstacks of the leaked allocations.
Number of updated asset objects reloaded before import = 0
Number of asset objects unloaded after import = 3
========================================================================
Received Import Request.
  Time since last request: 0.000019 seconds.
  path: Assets/2D Pixel Art Platformer Biome - American Forest/Background2.asset
  artifactKey: Guid(ba8806a8cad137b4b8d22633a45e1362) Importer(815301076,1909f56bfc062723c751e8b465ee728b)
Start importing Assets/2D Pixel Art Platformer Biome - American Forest/Background2.asset using Guid(ba8806a8cad137b4b8d22633a45e1362) Importer(815301076,1909f56bfc062723c751e8b465ee728b)  -> (artifact id: 'efee6a2c45c5e6bca54627ae82e78b5e') in 0.019465 seconds
Internal: There are remaining Allocations on the JobTempAlloc. This is a leak, and will impact performance
To Debug, run app with -diag-job-temp-memory-leak-validation cmd line argument. This will output the callstacks of the leaked allocations.
Number of updated asset objects reloaded before import = 0
Number of asset objects unloaded after import = 3
========================================================================
Received Import Request.
  Time since last request: 0.000020 seconds.
  path: Assets/2D Pixel Art Platformer Biome - American Forest/TileGround31.asset
  artifactKey: Guid(4b1f41ae925c6b34a801fab01f0c9856) Importer(815301076,1909f56bfc062723c751e8b465ee728b)
Start importing Assets/2D Pixel Art Platformer Biome - American Forest/TileGround31.asset using Guid(4b1f41ae925c6b34a801fab01f0c9856) Importer(815301076,1909f56bfc062723c751e8b465ee728b)  -> (artifact id: 'e9ee962d080f23841acca79bf15f96ec') in 0.009950 seconds
Internal: There are remaining Allocations on the JobTempAlloc. This is a leak, and will impact performance
To Debug, run app with -diag-job-temp-memory-leak-validation cmd line argument. This will output the callstacks of the leaked allocations.
Number of updated asset objects reloaded before import = 0
Number of asset objects unloaded after import = 3
========================================================================
Received Import Request.
  Time since last request: 0.000030 seconds.
  path: Assets/2D Pixel Art Platformer Biome - American Forest/TilePlant6.asset
  artifactKey: Guid(cb2beca57f618f841aa694a922cb7451) Importer(815301076,1909f56bfc062723c751e8b465ee728b)
Start importing Assets/2D Pixel Art Platformer Biome - American Forest/TilePlant6.asset using Guid(cb2beca57f618f841aa694a922cb7451) Importer(815301076,1909f56bfc062723c751e8b465ee728b)  -> (artifact id: 'f337ae7326f4ae566d7a3cc8160bfef4') in 0.018259 seconds
Internal: There are remaining Allocations on the JobTempAlloc. This is a leak, and will impact performance
To Debug, run app with -diag-job-temp-memory-leak-validation cmd line argument. This will output the callstacks of the leaked allocations.
Number of updated asset objects reloaded before import = 0
Number of asset objects unloaded after import = 3
========================================================================
Received Import Request.
  Time since last request: 0.000022 seconds.
  path: Assets/2D Pixel Art Platformer Biome - American Forest/TilePlant9.asset
  artifactKey: Guid(7d54059a4d75c6145a9c659d531e2761) Importer(815301076,1909f56bfc062723c751e8b465ee728b)
Start importing Assets/2D Pixel Art Platformer Biome - American Forest/TilePlant9.asset using Guid(7d54059a4d75c6145a9c659d531e2761) Importer(815301076,1909f56bfc062723c751e8b465ee728b)  -> (artifact id: '0b4e90effbab3f3be6c9c939136b4563') in 0.010690 seconds
Internal: There are remaining Allocations on the JobTempAlloc. This is a leak, and will impact performance
To Debug, run app with -diag-job-temp-memory-leak-validation cmd line argument. This will output the callstacks of the leaked allocations.
Number of updated asset objects reloaded before import = 0
Number of asset objects unloaded after import = 3
========================================================================
Received Import Request.
  Time since last request: 0.000022 seconds.
  path: Assets/2D Pixel Art Platformer Biome - American Forest/Tree2.asset
  artifactKey: Guid(9cd611614d16e5747a1ecf5405294793) Importer(815301076,1909f56bfc062723c751e8b465ee728b)
Start importing Assets/2D Pixel Art Platformer Biome - American Forest/Tree2.asset using Guid(9cd611614d16e5747a1ecf5405294793) Importer(815301076,1909f56bfc062723c751e8b465ee728b)  -> (artifact id: '16843c8d8fac3c2b68c5b04ec0a5066a') in 0.019246 seconds
Internal: There are remaining Allocations on the JobTempAlloc. This is a leak, and will impact performance
To Debug, run app with -diag-job-temp-memory-leak-validation cmd line argument. This will output the callstacks of the leaked allocations.
Number of updated asset objects reloaded before import = 0
Number of asset objects unloaded after import = 3
========================================================================
Received Import Request.
  Time since last request: 0.000028 seconds.
  path: Assets/2D Pixel Art Platformer Biome - American Forest/Tree4.asset
  artifactKey: Guid(b815d658351f4b94da3e4e81b854eb88) Importer(815301076,1909f56bfc062723c751e8b465ee728b)
Start importing Assets/2D Pixel Art Platformer Biome - American Forest/Tree4.asset using Guid(b815d658351f4b94da3e4e81b854eb88) Importer(815301076,1909f56bfc062723c751e8b465ee728b)  -> (artifact id: '4d024b9efcc84a04e13c07b18b1e6bb2') in 0.019717 seconds
Internal: There are remaining Allocations on the JobTempAlloc. This is a leak, and will impact performance
To Debug, run app with -diag-job-temp-memory-leak-validation cmd line argument. This will output the callstacks of the leaked allocations.
Number of updated asset objects reloaded before import = 0
Number of asset objects unloaded after import = 3
========================================================================
Received Import Request.
  Time since last request: 0.000025 seconds.
  path: Assets/2D Pixel Art Platformer Biome - American Forest/TileBackGround6.asset
  artifactKey: Guid(64006ea4bce0b9a49bf76dbe286757a3) Importer(815301076,1909f56bfc062723c751e8b465ee728b)
Start importing Assets/2D Pixel Art Platformer Biome - American Forest/TileBackGround6.asset using Guid(64006ea4bce0b9a49bf76dbe286757a3) Importer(815301076,1909f56bfc062723c751e8b465ee728b)  -> (artifact id: '68d492c83953baf255672655a7ee4cbe') in 0.009312 seconds
Internal: There are remaining Allocations on the JobTempAlloc. This is a leak, and will impact performance
To Debug, run app with -diag-job-temp-memory-leak-validation cmd line argument. This will output the callstacks of the leaked allocations.
Number of updated asset objects reloaded before import = 0
Number of asset objects unloaded after import = 3
========================================================================
Received Import Request.
  Time since last request: 0.000022 seconds.
  path: Assets/2D Pixel Art Platformer Biome - American Forest/TileGround18.asset
  artifactKey: Guid(ed4d9e1ca0329dc42a0d367a74d04f36) Importer(815301076,1909f56bfc062723c751e8b465ee728b)
Start importing Assets/2D Pixel Art Platformer Biome - American Forest/TileGround18.asset using Guid(ed4d9e1ca0329dc42a0d367a74d04f36) Importer(815301076,1909f56bfc062723c751e8b465ee728b)  -> (artifact id: 'f919f7824eb1fa554560bb9d662445b1') in 0.009295 seconds
Internal: There are remaining Allocations on the JobTempAlloc. This is a leak, and will impact performance
To Debug, run app with -diag-job-temp-memory-leak-validation cmd line argument. This will output the callstacks of the leaked allocations.
Number of updated asset objects reloaded before import = 0
Number of asset objects unloaded after import = 3
========================================================================
Received Import Request.
  Time since last request: 0.000014 seconds.
  path: Assets/2D Pixel Art Platformer Biome - American Forest/Stone1.asset
  artifactKey: Guid(6bea1caf96fb5f04483c3c0bc42198f2) Importer(815301076,1909f56bfc062723c751e8b465ee728b)
Start importing Assets/2D Pixel Art Platformer Biome - American Forest/Stone1.asset using Guid(6bea1caf96fb5f04483c3c0bc42198f2) Importer(815301076,1909f56bfc062723c751e8b465ee728b)  -> (artifact id: '1deb21ce87bb1102a31a78b3ccf1f722') in 0.019033 seconds
Internal: There are remaining Allocations on the JobTempAlloc. This is a leak, and will impact performance
To Debug, run app with -diag-job-temp-memory-leak-validation cmd line argument. This will output the callstacks of the leaked allocations.
Number of updated asset objects reloaded before import = 0
Number of asset objects unloaded after import = 3
========================================================================
Received Import Request.
  Time since last request: 0.000031 seconds.
  path: Assets/2D Pixel Art Platformer Biome - American Forest/Background3.asset
  artifactKey: Guid(6babca29e202b4f438866c49ea42300b) Importer(815301076,1909f56bfc062723c751e8b465ee728b)
Start importing Assets/2D Pixel Art Platformer Biome - American Forest/Background3.asset using Guid(6babca29e202b4f438866c49ea42300b) Importer(815301076,1909f56bfc062723c751e8b465ee728b)  -> (artifact id: '362088df29552669db106a65a8e31c75') in 0.017569 seconds
Internal: There are remaining Allocations on the JobTempAlloc. This is a leak, and will impact performance
To Debug, run app with -diag-job-temp-memory-leak-validation cmd line argument. This will output the callstacks of the leaked allocations.
Number of updated asset objects reloaded before import = 0
Number of asset objects unloaded after import = 3
========================================================================
Received Import Request.
  Time since last request: 0.000028 seconds.
  path: Assets/2D Pixel Art Platformer Biome - American Forest/Plant3.asset
  artifactKey: Guid(6adb63f28b2cf5740961980a3a028a80) Importer(815301076,1909f56bfc062723c751e8b465ee728b)
Start importing Assets/2D Pixel Art Platformer Biome - American Forest/Plant3.asset using Guid(6adb63f28b2cf5740961980a3a028a80) Importer(815301076,1909f56bfc062723c751e8b465ee728b)  -> (artifact id: '45d635a5d64977610e994e20d606f083') in 0.016593 seconds
Internal: There are remaining Allocations on the JobTempAlloc. This is a leak, and will impact performance
To Debug, run app with -diag-job-temp-memory-leak-validation cmd line argument. This will output the callstacks of the leaked allocations.
Number of updated asset objects reloaded before import = 0
Number of asset objects unloaded after import = 3
========================================================================
Received Import Request.
  Time since last request: 0.000029 seconds.
  path: Assets/2D Pixel Art Platformer Biome - American Forest/TileBackGround4.asset
  artifactKey: Guid(c23caf9c95f4e5c4b8bef7da1391f337) Importer(815301076,1909f56bfc062723c751e8b465ee728b)
Start importing Assets/2D Pixel Art Platformer Biome - American Forest/TileBackGround4.asset using Guid(c23caf9c95f4e5c4b8bef7da1391f337) Importer(815301076,1909f56bfc062723c751e8b465ee728b)  -> (artifact id: 'afa2bedbe8abcc8b086147fef4e019ca') in 0.014906 seconds
Internal: There are remaining Allocations on the JobTempAlloc. This is a leak, and will impact performance
To Debug, run app with -diag-job-temp-memory-leak-validation cmd line argument. This will output the callstacks of the leaked allocations.
Number of updated asset objects reloaded before import = 0
Number of asset objects unloaded after import = 3
========================================================================
Received Import Request.
  Time since last request: 0.000029 seconds.
  path: Assets/2D Pixel Art Platformer Biome - American Forest/Table2.asset
  artifactKey: Guid(46e56f200923d2645affad71ad6a8ce7) Importer(815301076,1909f56bfc062723c751e8b465ee728b)
Start importing Assets/2D Pixel Art Platformer Biome - American Forest/Table2.asset using Guid(46e56f200923d2645affad71ad6a8ce7) Importer(815301076,1909f56bfc062723c751e8b465ee728b)  -> (artifact id: 'b9a1358a19a834c2e5a94e9dded1dcc5') in 0.017395 seconds
Internal: There are remaining Allocations on the JobTempAlloc. This is a leak, and will impact performance
To Debug, run app with -diag-job-temp-memory-leak-validation cmd line argument. This will output the callstacks of the leaked allocations.
Number of updated asset objects reloaded before import = 0
Number of asset objects unloaded after import = 3
Editor requested this worker to shutdown with reason: Scaling down because of idle timeout
AssetImportWorker is now disconnected from the server
Process exiting
Exiting without the bug reporter. Application will terminate with return code 0